README	fbf70824	16801
arithchk.c	ebbe5bc7	4075
dmisc.c	c8daa18	4682
dtoa.c	f6ed7306	17542
g_Qfmt.c	eef3097	2935
g_Qfmt_p.c	13f27832	3342
g__fmt.c	1ce54774	4638
g_ddfmt.c	140e4024	4185
g_ddfmt_p.c	f65f3b29	4789
g_dfmt.c	fa958c91	2638
g_dfmt_p.c	e385da1c	3051
g_ffmt.c	f59bcde3	2519
g_ffmt_p.c	f15d029d	2834
g_xLfmt.c	f88f491b	2782
g_xLfmt_p.c	f43b4017	3135
g_xfmt.c	e03133b9	2886
g_xfmt_p.c	e6fe8838	3339
gdtoa.c	e41b20bf	17360
gdtoa.h	1f85498	5347
gdtoa_fltrnds.h	1aaf5112	421
gdtoaimp.h	cb51762	20344
gethex.c	15dffb13	7117
gmisc.c	1859d016	2084
hd_init.c	f561fe9c	2525
hexnan.c	15dbf6c1	3624
makefile	1d70a257	3551
misc.c	1d84f517	14416
printf.c	15c97ab	158
printf.c0	efece124	29696
qnan.c	f8f3fc81	3450
smisc.c	feb7290	3699
stdio1.h	e6e5dc11	2909
strtoIQ.c	1809dfcf	1939
strtoId.c	f41ddac2	1931
strtoIdd.c	f13e3bc3	2105
strtoIf.c	f12c6af4	1875
strtoIg.c	fe47bc72	3591
strtoIx.c	e50f716d	1960
strtoIxL.c	ea0b821b	1931
strtod.c	1dabf6	22744
strtodI.c	f1dbb0af	4004
strtodg.c	eacc7424	21188
strtodnrp.c	af895e9	2538
strtof.c	e1cb24dd	2161
strtopQ.c	15d59d28	2715
strtopd.c	1c3c9ce	1751
strtopdd.c	177251c9	4640
strtopf.c	f305c6ea	2155
strtopx.c	a2d9c54	2797
strtopxL.c	14ed6f37	2533
strtorQ.c	e3ab6837	2954
strtord.c	31fd40b	2544
strtordd.c	17e29c5d	5182
strtorf.c	f29ce47e	2445
strtorx.c	e14231a8	3044
strtorxL.c	1ea7b122	2780
sum.c	f525bad9	2494
ulp.c	edb56c0b	1866
