This is pdfTeX, Version 3.14159265-2.6-1.40.16 (TeX Live 2015/Debian) (preloaded format=pdflatex 2017.2.17)  31 MAY 2017 09:16
entering extended mode
 restricted \write18 enabled.
 %&-line parsing enabled.
**lexgen.tex
(./lexgen.tex
LaTeX2e <2016/02/01>
Babel <3.9q> and hyphenation patterns for 3 language(s) loaded.
(/usr/share/texlive/texmf-dist/tex/latex/base/latex209.def
File: latex209.def 2015/02/22 v0.53 Standard LaTeX file


          Entering LaTeX 2.09 COMPATIBILITY MODE
 *************************************************************
    !!WARNING!!    !!WARNING!!    !!WARNING!!    !!WARNING!!   
 
 This mode attempts to provide an emulation of the LaTeX 2.09
 author environment so that OLD documents can be successfully
 processed. It should NOT be used for NEW documents!
 
 New documents should use Standard LaTeX conventions and start
 with the \documentclass command.
 
 Compatibility mode is UNLIKELY TO WORK with LaTeX 2.09 style
 files that change any internal macros, especially not with
 those that change the FONT SELECTION or OUTPUT ROUTINES.
 
 Therefore such style files MUST BE UPDATED to use
          Current Standard LaTeX: LaTeX2e.
 If you suspect that you may be using such a style file, which
 is probably very, very old by now, then you should attempt to
 get it updated by sending a copy of this error message to the
 author of that file.
 *************************************************************

\footheight=\dimen102
\@maxsep=\dimen103
\@dblmaxsep=\dimen104
\@cla=\count79
\@clb=\count80
\mscount=\count81
(/usr/share/texlive/texmf-dist/tex/latex/base/tracefnt.sty
Package: tracefnt 2015/02/21 v3.0k Standard LaTeX package (font tracing)
\tracingfonts=\count82
LaTeX Info: Redefining \selectfont on input line 106.
)
\symbold=\mathgroup4
\symsans=\mathgroup5
\symtypewriter=\mathgroup6
\symitalic=\mathgroup7
\symsmallcaps=\mathgroup8
\symslanted=\mathgroup9
LaTeX Font Info:    Redeclaring math alphabet \mathbf on input line 298.
LaTeX Font Info:    Redeclaring math alphabet \mathsf on input line 299.
LaTeX Font Info:    Redeclaring math alphabet \mathtt on input line 300.
LaTeX Font Info:    Redeclaring math alphabet \mathit on input line 306.
LaTeX Info: Redefining \em on input line 316.

(/usr/share/texlive/texmf-dist/tex/latex/base/latexsym.sty
Package: latexsym 1998/08/17 v2.2e Standard LaTeX package (lasy symbols)
\symlasy=\mathgroup10
LaTeX Font Info:    Overwriting symbol font `lasy' in version `bold'
(Font)                  U/lasy/m/n --> U/lasy/b/n on input line 52.
)
LaTeX Font Info:    Redeclaring math delimiter \lgroup on input line 377.
LaTeX Font Info:    Redeclaring math delimiter \rgroup on input line 379.
LaTeX Font Info:    Redeclaring math delimiter \bracevert on input line 381.
)
(/usr/share/texlive/texmf-dist/tex/latex/base/article.cls
Document Class: article 2014/09/29 v1.4h Standard LaTeX document class
(/usr/share/texlive/texmf-dist/tex/latex/base/size10.clo
File: size10.clo 2014/09/29 v1.4h Standard LaTeX file (size option)
)
\c@part=\count83
\c@section=\count84
\c@subsection=\count85
\c@subsubsection=\count86
\c@paragraph=\count87
\c@subparagraph=\count88
\c@figure=\count89
\c@table=\count90
\abovecaptionskip=\skip41
\belowcaptionskip=\skip42
Compatibility mode: definition of \rm ignored.
Compatibility mode: definition of \sf ignored.
Compatibility mode: definition of \tt ignored.
Compatibility mode: definition of \bf ignored.
Compatibility mode: definition of \it ignored.
Compatibility mode: definition of \sl ignored.
Compatibility mode: definition of \sc ignored.
LaTeX Info: Redefining \cal on input line 511.
LaTeX Info: Redefining \mit on input line 512.
\bibindent=\dimen105
) (./lexgen.aux)
\openout1 = `lexgen.aux'.

LaTeX Font Info:    Checking defaults for OML/cmm/m/it on input line 22.
LaTeX Font Info:    ... okay on input line 22.
LaTeX Font Info:    Checking defaults for T1/cmr/m/n on input line 22.
LaTeX Font Info:    ... okay on input line 22.
LaTeX Font Info:    Checking defaults for OT1/cmr/m/n on input line 22.
LaTeX Font Info:    ... okay on input line 22.
LaTeX Font Info:    Checking defaults for OMS/cmsy/m/n on input line 22.
LaTeX Font Info:    ... okay on input line 22.
LaTeX Font Info:    Checking defaults for OMX/cmex/m/n on input line 22.
LaTeX Font Info:    ... okay on input line 22.
LaTeX Font Info:    Checking defaults for U/cmr/m/n on input line 22.
LaTeX Font Info:    ... okay on input line 22.
LaTeX Font Info:    External font `cmex10' loaded for size
(Font)              <12> on input line 23.
LaTeX Font Info:    External font `cmex10' loaded for size
(Font)              <8> on input line 23.
LaTeX Font Info:    External font `cmex10' loaded for size
(Font)              <6> on input line 23.
LaTeX Font Info:    Try loading font information for U+lasy on input line 23.

(/usr/share/texlive/texmf-dist/tex/latex/base/ulasy.fd
File: ulasy.fd 1998/08/17 v2.2e LaTeX symbol font definitions
)
LaTeX Font Info:    External font `cmex10' loaded for size
(Font)              <9> on input line 23.
LaTeX Font Info:    External font `cmex10' loaded for size
(Font)              <5> on input line 23.
LaTeX Font Info:    Try loading font information for OMS+cmr on input line 38.

(/usr/share/texlive/texmf-dist/tex/latex/base/omscmr.fd
File: omscmr.fd 2014/09/29 v2.5h Standard LaTeX font definitions
)
LaTeX Font Info:    Font shape `OMS/cmr/m/n' in size <10> not available
(Font)              Font shape `OMS/cmsy/m/n' tried instead on input line 38.
 [1

{/var/lib/texmf/fonts/map/pdftex/updmap/pdftex.map}] (./lexgen.toc
LaTeX Font Info:    External font `cmex10' loaded for size
(Font)              <7> on input line 5.
)
\tf@toc=\write3
\openout3 = `lexgen.toc'.

 [2] [3] [4] [5] [6]
LaTeX Font Info:    Try loading font information for OMS+cmtt on input line 299
.

(/usr/share/texmf/tex/latex/R/tex/latex/omscmtt.fd
File: omscmtt.fd 
)
LaTeX Font Info:    Font shape `OMS/cmtt/m/n' in size <10> not available
(Font)              Font shape `OMS/cmsy/m/n' tried instead on input line 299.
 [7]
Overfull \hbox (6.24292pt too wide) in paragraph at lines 343--343
[]\OT1/cmr/bx/n/14.4 Values avail-able in-side the code as-so-ci-ated with
 []


Underfull \hbox (badness 2253) in paragraph at lines 377--377
[]\OT1/cmr/m/n/10 The po-si-tion of the first char-ac-ter of
 []


Overfull \hbox (2.96422pt too wide) in paragraph at lines 364--381
[][] 
 []

[8] [9]
Overfull \hbox (34.44438pt too wide) in paragraph at lines 489--492
[]\OT1/cmr/m/n/10 If any in-put can-not be matched, the pro-gram will raise the
 ex-cep-tion \OT1/cmtt/m/n/10 Mlex.LexError\OT1/cmr/m/n/10 .
 []

[10]
Overfull \hbox (28.27066pt too wide) in paragraph at lines 526--526
[]\OT1/cmtt/m/n/9 {digit}+ => (NUM (revfold (fn(a,r)=>ord(a)-ord("0")+10*r) (ex
plode yytext) 0));[] 
 []

[11]
Overfull \hbox (9.37088pt too wide) in paragraph at lines 622--622
[]        \OT1/cmtt/m/n/9 else  (say ("calc: unknown identifier '" ^ i ^ "'\n")
; raise Error)[] 
 []


Overfull \hbox (9.37088pt too wide) in paragraph at lines 622--622
[]            \OT1/cmtt/m/n/9 | PRINT => (advance(); say ((makestring (E():int)
) ^ "\n"); ())[] 
 []

[12] [13] (./lexgen.aux) ) 
Here is how much of TeX's memory you used:
 453 strings out of 494953
 5396 string characters out of 6180977
 56560 words of memory out of 5000000
 3758 multiletter control sequences out of 15000+600000
 21400 words of font info for 78 fonts, out of 8000000 for 9000
 14 hyphenation exceptions out of 8191
 22i,8n,19p,176b,298s stack positions out of 5000i,500n,10000p,200000b,80000s
</usr/share/texlive/texmf-dist/fonts/type1/public/ams
fonts/cm/cmbx10.pfb></usr/share/texlive/texmf-dist/fonts/type1/public/amsfonts/
cm/cmbx12.pfb></usr/share/texlive/texmf-dist/fonts/type1/public/amsfonts/cm/cmm
i10.pfb></usr/share/texlive/texmf-dist/fonts/type1/public/amsfonts/cm/cmr10.pfb
></usr/share/texlive/texmf-dist/fonts/type1/public/amsfonts/cm/cmr12.pfb></usr/
share/texlive/texmf-dist/fonts/type1/public/amsfonts/cm/cmr17.pfb></usr/share/t
exlive/texmf-dist/fonts/type1/public/amsfonts/cm/cmr6.pfb></usr/share/texlive/t
exmf-dist/fonts/type1/public/amsfonts/cm/cmr7.pfb></usr/share/texlive/texmf-dis
t/fonts/type1/public/amsfonts/cm/cmr8.pfb></usr/share/texlive/texmf-dist/fonts/
type1/public/amsfonts/cm/cmr9.pfb></usr/share/texlive/texmf-dist/fonts/type1/pu
blic/amsfonts/cm/cmsy10.pfb></usr/share/texlive/texmf-dist/fonts/type1/public/a
msfonts/cm/cmti10.pfb></usr/share/texlive/texmf-dist/fonts/type1/public/amsfont
s/cm/cmtt10.pfb></usr/share/texlive/texmf-dist/fonts/type1/public/amsfonts/cm/c
mtt9.pfb>
Output written on lexgen.pdf (13 pages, 205243 bytes).
PDF statistics:
 103 PDF objects out of 1000 (max. 8388607)
 73 compressed objects within 1 object stream
 0 named destinations out of 1000 (max. 500000)
 1 words of extra memory for PDF output out of 10000 (max. 10000000)

